1651172045896> 1651172045896> RMI Coordinator object named: coord
1651172048801> 1651172048801> Client with name: 'client_0' connected
1651172048801> 1651172048801> Starting timer for client client_0
1651172048802> 1651172048802> Clients now connected are: [client_0]
1651172048805> 1651172048805> Client with name: 'client_1' connected
1651172048805> 1651172048805> Starting timer for client client_1
1651172048805> 1651172048805> Clients now connected are: [client_1, client_0]
1651172048808> 1651172048808> Client with name: 'client_2' connected
1651172048808> 1651172048808> Starting timer for client client_2
1651172048809> 1651172048809> Clients now connected are: [client_1, client_0, client_2]
1651172048811> 1651172048811> Client with name: 'client_3' connected
1651172048816> 1651172048816> Starting timer for client client_3
1651172048816> 1651172048816> Clients now connected are: [client_1, client_0, client_3, client_2]
1651172048819> 1651172048819> Client with name: 'client_4' connected
1651172048819> 1651172048819> Starting timer for client client_4
1651172048819> 1651172048819> Clients now connected are: [client_4, client_1, client_0, client_3, client_2]
1651172050814> 1651172050814> Is client_1 alive?
1651172050814> 1651172050814> Is client_2 alive?
1651172050814> 1651172050814> Is client_0 alive?
1651172050820> 1651172050820> client_0 is alive: true
1651172050820> 1651172050820> client_1 is alive: true
1651172050820> 1651172050820> client_2 is alive: true
1651172050830> 1651172050830> Is client_3 alive?
1651172050830> 1651172050830> Is client_4 alive?
1651172050830> 1651172050830> client_4 is alive: true
1651172050830> 1651172050830> client_3 is alive: true
1651172051204> 1651172051204> Client with name: 'failing client' connected
1651172051204> 1651172051204> Starting timer for client failing client
1651172051204> 1651172051204> Clients now connected are: [failing client, client_4, client_1, client_0, client_3, client_2]
1651172052809> 1651172052809> Is client_1 alive?
1651172052809> 1651172052809> Is client_0 alive?
1651172052809> 1651172052809> Is client_2 alive?
1651172052809> 1651172052809> client_2 is alive: true
1651172052809> 1651172052809> client_0 is alive: true
1651172052809> 1651172052809> client_1 is alive: true
1651172052825> 1651172052825> Is client_3 alive?
1651172052825> 1651172052825> Is client_4 alive?
1651172052825> 1651172052825> client_3 is alive: true
1651172052825> 1651172052825> client_4 is alive: true
1651172053220> 1651172053220> Is failing client alive?
1651172053221> 1651172053221> failing client is alive: true
1651172054217> 1651172054217> Client with name: 'WordCountExampleClient' connected
1651172054217> 1651172054217> Starting timer for client WordCountExampleClient
1651172054217> 1651172054217> Clients now connected are: [failing client, client_4, client_1, client_0, client_3, client_2, WordCountExampleClient]
1651172054221> 1651172054221> WordCountExampleClient requesting available workers
1651172054221> 1651172054221> Asking failing client if busy
1651172054222> 1651172054222> Asking client_4 if busy
1651172054222> 1651172054222> Asking client_1 if busy
1651172054222> 1651172054222> Asking client_0 if busy
1651172054223> 1651172054223> Asking client_3 if busy
1651172054223> 1651172054223> Asking client_2 if busy
1651172054223> 1651172054223> Asking WordCountExampleClient if busy
1651172054224> 1651172054224> Available workers are: [failing client, client_4, client_1, client_0, client_3, client_2, WordCountExampleClient]
1651172054820> 1651172054819> Is client_2 alive?
1651172054820> 1651172054820> Is client_3 alive?
1651172054824> 1651172054824> client_2 is alive: true
1651172054834> 1651172054834> Is client_0 alive?
1651172054835> 1651172054835> Is client_1 alive?
1651172054835> 1651172054835> client_1 is alive: true
1651172054831> 1651172054831> client_3 is alive: true
1651172054837> 1651172054837> client_0 is alive: true
1651172054837> 1651172054837> Is client_4 alive?
1651172054839> 1651172054839> client_4 is alive: true
1651172055216> 1651172055216> Is failing client alive?
1651172055216> 1651172055216> failing client is alive: true
1651172056229> 1651172056229> Is WordCountExampleClient alive?
1651172056229> 1651172056229> WordCountExampleClient is alive: true
1651172056805> 1651172056805> Is client_0 alive?
1651172056805> 1651172056805> client_0 is alive: true
1651172056820> 1651172056820> Is client_2 alive?
1651172056820> 1651172056820> Is client_3 alive?
1651172056820> 1651172056820> Is client_4 alive?
1651172056820> 1651172056820> Is client_1 alive?
1651172056820> 1651172056820> client_2 is alive: true
1651172056820> 1651172056820> client_4 is alive: true
1651172056820> 1651172056820> client_3 is alive: true
1651172056821> 1651172056821> client_1 is alive: true
1651172057218> 1651172057218> Is failing client alive?
1651172057218> 1651172057218> failing client is alive: true
1651172058226> 1651172058226> Is WordCountExampleClient alive?
1651172058226> 1651172058226> WordCountExampleClient is alive: true
1651172058815> 1651172058815> Is client_0 alive?
1651172058815> 1651172058815> Is client_2 alive?
1651172058815> 1651172058815> Is client_1 alive?
1651172058815> 1651172058815> client_1 is alive: true
1651172058815> 1651172058815> client_0 is alive: true
1651172058815> 1651172058815> client_2 is alive: true
1651172058831> 1651172058831> Is client_3 alive?
1651172058831> 1651172058831> Is client_4 alive?
1651172058831> 1651172058831> client_3 is alive: true
1651172058831> 1651172058831> client_4 is alive: true
1651172059213> 1651172059213> Is failing client alive?
1651172059213> 1651172059213> failing client is alive: true
1651172060224> 1651172060224> Is WordCountExampleClient alive?
1651172060224> 1651172060224> WordCountExampleClient is alive: true
1651172060813> 1651172060813> Is client_1 alive?
1651172060813> 1651172060813> Is client_2 alive?
1651172060813> 1651172060813> Is client_0 alive?
1651172060814> 1651172060814> client_2 is alive: true
1651172060814> 1651172060814> client_1 is alive: true
1651172060814> 1651172060814> client_0 is alive: true
1651172060828> 1651172060828> Is client_4 alive?
1651172060828> 1651172060828> Is client_3 alive?
1651172060828> 1651172060828> client_4 is alive: true
1651172060828> 1651172060828> client_3 is alive: true
1651172061207> 1651172061207> Is failing client alive?
1651172061207> 1651172061207> failing client is alive: true
1651172062222> 1651172062222> Is WordCountExampleClient alive?
1651172062222> 1651172062222> WordCountExampleClient is alive: true
1651172062809> 1651172062809> Is client_1 alive?
1651172062809> 1651172062809> Is client_2 alive?
1651172062809> 1651172062809> Is client_0 alive?
1651172062809> 1651172062809> client_2 is alive: true
1651172062809> 1651172062809> client_1 is alive: true
1651172062809> 1651172062809> client_0 is alive: true
1651172062825> 1651172062825> Is client_3 alive?
1651172062825> 1651172062825> Is client_4 alive?
1651172062825> 1651172062825> client_3 is alive: true
1651172062825> 1651172062825> client_4 is alive: true
1651172063208> 1651172063208> Is failing client alive?
1651172063208> 1651172063208> failing client is alive: true
1651172064223> 1651172064223> Is WordCountExampleClient alive?
1651172064223> 1651172064223> WordCountExampleClient is alive: true
1651172064808> 1651172064808> Is client_0 alive?
1651172064808> 1651172064808> Is client_1 alive?
1651172064808> 1651172064808> client_1 is alive: true
1651172064808> 1651172064808> client_0 is alive: true
1651172064823> 1651172064823> Is client_3 alive?
1651172064823> 1651172064823> Is client_2 alive?
1651172064823> 1651172064823> Is client_4 alive?
1651172064823> 1651172064823> client_3 is alive: true
1651172064823> 1651172064823> client_2 is alive: true
1651172064823> 1651172064823> client_4 is alive: true
1651172065205> 1651172065205> Is failing client alive?
1651172065205> 1651172065205> failing client is alive: true
1651172066228> 1651172066228> Is WordCountExampleClient alive?
1651172066228> 1651172066228> WordCountExampleClient is alive: true
1651172066816> 1651172066816> Is client_3 alive?
1651172066816> 1651172066816> Is client_2 alive?
1651172066816> 1651172066816> Is client_1 alive?
1651172066816> 1651172066816> Is client_0 alive?
1651172066816> 1651172066816> client_3 is alive: true
1651172066816> 1651172066816> client_0 is alive: true
1651172066816> 1651172066816> client_2 is alive: true
1651172066816> 1651172066816> client_1 is alive: true
1651172066832> 1651172066832> Is client_4 alive?
1651172066832> 1651172066832> client_4 is alive: true
1651172067214> 1651172067214> Is failing client alive?
1651172067214> 1651172067214> failing client is alive: true
1651172068222> 1651172068222> Is WordCountExampleClient alive?
1651172068222> 1651172068222> WordCountExampleClient is alive: true
1651172068812> 1651172068812> Is client_1 alive?
1651172068812> 1651172068812> Is client_2 alive?
1651172068812> 1651172068812> Is client_0 alive?
1651172068812> 1651172068812> client_2 is alive: true
1651172068812> 1651172068812> client_1 is alive: true
1651172068812> 1651172068812> client_0 is alive: true
1651172068828> 1651172068828> Is client_3 alive?
1651172068828> 1651172068828> Is client_4 alive?
1651172068828> 1651172068828> client_4 is alive: true
1651172068828> 1651172068828> client_3 is alive: true
1651172069211> 1651172069211> Is failing client alive?
1651172069211> 1651172069211> failing client is alive: true
1651172070223> 1651172070223> Is WordCountExampleClient alive?
1651172070815> 1651172070815> Is client_2 alive?
1651172070815> 1651172070815> Is client_1 alive?
1651172070815> 1651172070815> Is client_0 alive?
1651172070815> 1651172070815> client_1 is alive: true
1651172070815> 1651172070815> client_2 is alive: true
1651172070815> 1651172070815> client_0 is alive: true
1651172070831> 1651172070831> Is client_4 alive?
1651172070831> 1651172070831> Is client_3 alive?
1651172070831> 1651172070831> client_4 is alive: true
1651172070831> 1651172070831> client_3 is alive: true
1651172071214> 1651172071214> Is failing client alive?
1651172071214> 1651172071214> failing client is alive: true
